android/build/intermediates/manifest_merge_blame_file/debug/processDebugManifest/manifest-merger-blame-debug-report.txt
1<?xml version="1.0" encoding="utf-8"?>
2<manifest xmlns:android="http://schemas.android.com/apk/res/android"
3    package="com.reactnativegoogleplaygames" >
4
5    <uses-sdk android:minSdkVersion="24" />
6
7    <application>
7-->src/main/AndroidManifest.xml:2:3-8:17
8        <provider
8-->src/main/AndroidManifest.xml:3:5-7:33
9            android:name="com.reactnativegoogleplaygames.GooglePlayGamesInitProvider"
9-->src/main/AndroidManifest.xml:4:7-50
10            android:authorities="${applicationId}.reactnativegoogleplaygames-init-provider"
10-->src/main/AndroidManifest.xml:5:7-86
11            android:exported="false"
11-->src/main/AndroidManifest.xml:6:7-31
12            android:initOrder="100" />
12-->src/main/AndroidManifest.xml:7:7-30
13    </application>
14
15</manifest>